#! /usr/bin/vvp
:ivl_version "12.0 (stable)";
:ivl_delay_selection "TYPICAL";
:vpi_time_precision + 0;
:vpi_module "/usr/lib/x86_64-linux-gnu/ivl/system.vpi";
:vpi_module "/usr/lib/x86_64-linux-gnu/ivl/vhdl_sys.vpi";
:vpi_module "/usr/lib/x86_64-linux-gnu/ivl/vhdl_textio.vpi";
:vpi_module "/usr/lib/x86_64-linux-gnu/ivl/v2005_math.vpi";
:vpi_module "/usr/lib/x86_64-linux-gnu/ivl/va_math.vpi";
S_0x5ed7cbf505b0 .scope module, "CPU_MEM_1_TB" "CPU_MEM_1_TB" 2 2;
 .timescale 0 0;
v0x5ed7cbf63dd0_0 .var "enable", 0 0;
v0x5ed7cbf63ea0_0 .net "q", 0 0, v0x5ed7cbf63bf0_0;  1 drivers
v0x5ed7cbf63f70_0 .var "s", 0 0;
S_0x5ed7cbf50740 .scope module, "uut" "CPU_MEM_1" 2 9, 3 1 0, S_0x5ed7cbf505b0;
 .timescale 0 0;
    .port_info 0 /INPUT 1 "s";
    .port_info 1 /INPUT 1 "enable";
    .port_info 2 /OUTPUT 1 "q";
v0x5ed7cbf50970_0 .net "enable", 0 0, v0x5ed7cbf63dd0_0;  1 drivers
v0x5ed7cbf63bf0_0 .var "q", 0 0;
v0x5ed7cbf63cb0_0 .net "s", 0 0, v0x5ed7cbf63f70_0;  1 drivers
E_0x5ed7cbf17b40 .event posedge, v0x5ed7cbf50970_0;
    .scope S_0x5ed7cbf50740;
T_0 ;
    %wait E_0x5ed7cbf17b40;
    %load/vec4 v0x5ed7cbf63cb0_0;
    %assign/vec4 v0x5ed7cbf63bf0_0, 0;
    %jmp T_0;
    .thread T_0;
    .scope S_0x5ed7cbf505b0;
T_1 ;
    %vpi_call 2 16 "$dumpfile", "sim/CPU_MEM_1_TB_waveform.vcd" {0 0 0};
    %vpi_call 2 17 "$dumpvars", 32'sb00000000000000000000000000000000, S_0x5ed7cbf505b0 {0 0 0};
    %end;
    .thread T_1;
    .scope S_0x5ed7cbf505b0;
T_2 ;
    %pushi/vec4 0, 0, 1;
    %store/vec4 v0x5ed7cbf63dd0_0, 0, 1;
T_2.0 ;
    %delay 5, 0;
    %load/vec4 v0x5ed7cbf63dd0_0;
    %inv;
    %store/vec4 v0x5ed7cbf63dd0_0, 0, 1;
    %jmp T_2.0;
    %end;
    .thread T_2;
    .scope S_0x5ed7cbf505b0;
T_3 ;
    %pushi/vec4 0, 0, 1;
    %store/vec4 v0x5ed7cbf63f70_0, 0, 1;
    %delay 10, 0;
    %pushi/vec4 1, 0, 1;
    %store/vec4 v0x5ed7cbf63f70_0, 0, 1;
    %delay 10, 0;
    %pushi/vec4 0, 0, 1;
    %store/vec4 v0x5ed7cbf63f70_0, 0, 1;
    %delay 10, 0;
    %pushi/vec4 1, 0, 1;
    %store/vec4 v0x5ed7cbf63f70_0, 0, 1;
    %delay 15, 0;
    %vpi_call 2 42 "$finish" {0 0 0};
    %end;
    .thread T_3;
    .scope S_0x5ed7cbf505b0;
T_4 ;
    %vpi_call 2 47 "$monitor", "At time %t, enable = %b, s = %b, q = %b", $time, v0x5ed7cbf63dd0_0, v0x5ed7cbf63f70_0, v0x5ed7cbf63ea0_0 {0 0 0};
    %end;
    .thread T_4;
# The file index is used to find the file name in the following table.
:file_names 4;
    "N/A";
    "<interactive>";
    "testbench/CPU_MEM_1_TB.v";
    "rtl/CPU_MEM_1.v";
